0 verbose cli [
0 verbose cli   'C:\\Program Files\\nodejs\\node.exe',
0 verbose cli   'C:\\Users\\Ahmed Sabry\\AppData\\Roaming\\npm\\node_modules\\npm\\bin\\npm-cli.js',
0 verbose cli   'version',
0 verbose cli   'minor'
0 verbose cli ]
1 info using npm@7.20.0
2 info using node@v16.5.0
3 timing npm:load:whichnode Completed in 0ms
4 timing config:load:defaults Completed in 0ms
5 timing config:load:file:C:\Users\Ahmed Sabry\AppData\Roaming\npm\node_modules\npm\npmrc Completed in 2ms
6 timing config:load:builtin Completed in 2ms
7 timing config:load:cli Completed in 1ms
8 timing config:load:env Completed in 1ms
9 timing config:load:file:C:\Users\Ahmed Sabry\dark-enhanced\.npmrc Completed in 0ms
10 timing config:load:project Completed in 0ms
11 timing config:load:file:C:\Users\Ahmed Sabry\.npmrc Completed in 0ms
12 timing config:load:user Completed in 0ms
13 timing config:load:file:C:\Users\Ahmed Sabry\AppData\Roaming\npm\etc\npmrc Completed in 1ms
14 timing config:load:global Completed in 1ms
15 timing config:load:validate Completed in 0ms
16 timing config:load:credentials Completed in 1ms
17 timing config:load:setEnvs Completed in 1ms
18 timing config:load Completed in 8ms
19 timing npm:load:configload Completed in 9ms
20 timing npm:load:setTitle Completed in 0ms
21 timing npm:load:setupLog Completed in 0ms
22 timing npm:load:cleanupLog Completed in 1ms
23 timing npm:load:configScope Completed in 0ms
24 timing npm:load:projectScope Completed in 1ms
25 timing npm:load Completed in 12ms
26 timing config:load:flatten Completed in 2ms
27 timing command:version Completed in 57ms
28 verbose stack Error: Git working directory not clean.
28 verbose stack     at module.exports (C:\Users\Ahmed Sabry\AppData\Roaming\npm\node_modules\npm\node_modules\libnpmversion\lib\enforce-clean.js:25:13)
28 verbose stack     at processTicksAndRejections (node:internal/process/task_queues:96:5)
28 verbose stack     at async module.exports (C:\Users\Ahmed Sabry\AppData\Roaming\npm\node_modules\npm\node_modules\libnpmversion\lib\version.js:59:46)
28 verbose stack     at async Version.change (C:\Users\Ahmed Sabry\AppData\Roaming\npm\node_modules\npm\lib\version.js:86:21)
29 verbose cwd C:\Users\Ahmed Sabry\dark-enhanced
30 verbose Windows_NT 10.0.19043
31 verbose argv "C:\\Program Files\\nodejs\\node.exe" "C:\\Users\\Ahmed Sabry\\AppData\\Roaming\\npm\\node_modules\\npm\\bin\\npm-cli.js" "version" "minor"
32 verbose node v16.5.0
33 verbose npm  v7.20.0
34 error Git working directory not clean.
35 verbose exit 1
